2025-03-12 13:41:51,670 - INFO - ℹ️ 시스템 정상 실행 중. var1 = 100
2025-03-12 13:42:59,253 - INFO - ℹ️ 시스템 정상 실행 중. var1 = 100
2025-03-12 13:43:32,845 - INFO - ℹ️ 시스템 정상 실행 중. var1 = 100
2025-03-12 13:43:32,846 - WARNING - ⚠️ 경고 발생! var1 + var2 = 150
2025-03-12 13:43:32,847 - ERROR - ❌ 에러 발생! var1이 50보다 큰가? True
2025-03-12 13:44:24,803 - INFO - ℹ️ 시스템 정상 실행 중. var1 = 100
2025-03-12 13:44:24,804 - WARNING - ⚠️ 경고 발생! var1 + var2 = 150
2025-03-12 13:44:24,805 - ERROR - ❌ 에러 발생! var1이 50보다 큰가? True
2025-03-12 13:45:33,567 - INFO - ℹ️ 시스템 정상 실행 중. var1 = 100
2025-03-12 13:45:33,568 - WARNING - ⚠️ 경고 발생! var1 + var2 = 150
2025-03-12 13:45:33,569 - ERROR - ❌ 에러 발생! var1이 50보다 큰가? True
2025-03-12 13:45:42,704 - INFO - ℹ️ 로그 설정 변경됨: log_dir=logs, log_prefix=kavana
2025-03-12 13:45:42,705 - WARNING - ⚠️ 기본 설정으로 복원됨. var1=100
2025-03-12 13:55:32,104 - INFO - ℹ️ 시스템 정상 실행 중. var1 = 100
2025-03-12 13:55:32,105 - WARNING - ⚠️ 경고 발생! var1 + var2 = 150
2025-03-12 13:55:32,105 - ERROR - ❌ 에러 발생! var1이 50보다 큰가? True
2025-03-12 13:59:49,874 - INFO - ℹ️ 시스템 정상 실행 중. var1 = 100
2025-03-12 13:59:49,875 - WARNING - ⚠️ 경고 발생! var1 + var2 = 150
2025-03-12 13:59:49,875 - ERROR - ❌ 에러 발생! var1이 50보다 큰가? True
2025-03-12 14:03:17,180 - INFO - ℹ️ 시스템 정상 실행 중. var1 = 100
2025-03-12 14:03:17,181 - WARNING - ⚠️ 경고 발생! var1 + var2 = 150
2025-03-12 14:03:17,182 - ERROR - ❌ 에러 발생! var1이 50보다 큰가? True
2025-03-12 14:10:10,200 - INFO - ℹ️ 시스템 정상 실행 중. var1 = 100
2025-03-12 14:10:10,201 - WARNING - ⚠️ 경고 발생! var1 + var2 = 150
2025-03-12 14:10:10,202 - ERROR - ❌ 에러 발생! var1이 50보다 큰가? True
2025-03-12 14:11:16,718 - INFO - ℹ️ 시스템 정상 실행 중. var1 = 100
2025-03-12 14:11:16,719 - WARNING - ⚠️ 경고 발생! var1 + var2 = 150
2025-03-12 14:11:16,721 - ERROR - ❌ 에러 발생! var1이 50보다 큰가? True
2025-03-12 14:14:59,186 - INFO - ℹ️ 시스템 정상 실행 중. var1 = 100
2025-03-12 14:14:59,188 - WARNING - ⚠️ 경고 발생! var1 + var2 = 150
2025-03-12 14:14:59,189 - ERROR - ❌ 에러 발생! var1이 50보다 큰가? True
